<?xml version="1.0" encoding="UTF-8"?>
<testng-results skipped="0" failed="0" ignored="0" total="1" passed="1">
  <reporter-output>
  </reporter-output>
  <suite name="Default suite" duration-ms="231" started-at="2018-06-19T03:59:27Z" finished-at="2018-06-19T03:59:27Z">
    <groups>
    </groups>
    <test name="Default test" duration-ms="231" started-at="2018-06-19T03:59:27Z" finished-at="2018-06-19T03:59:27Z">
      <class name="com.testScripts.Maven_Github.Scripts">
        <test-method status="PASS" signature="method()[pri:0, instance:com.testScripts.Maven_Github.Scripts@32d2fa64]" name="method" duration-ms="36" started-at="2018-06-19T03:59:27Z" finished-at="2018-06-19T03:59:27Z">
          <reporter-output>
          </reporter-output>
        </test-method> <!-- method -->
      </class> <!-- com.testScripts.Maven_Github.Scripts -->
    </test> <!-- Default test -->
  </suite> <!-- Default suite -->
</testng-results>
